mode: set
github.com/nikitades/url-shortener/internal/adapters/native_time_provider.go:8.46,10.2 1 0
github.com/nikitades/url-shortener/internal/adapters/pgsql_url_repo.go:17.97,23.26 4 1
github.com/nikitades/url-shortener/internal/adapters/pgsql_url_repo.go:23.26,25.3 1 1
github.com/nikitades/url-shortener/internal/adapters/pgsql_url_repo.go:27.2,27.16 1 0
github.com/nikitades/url-shortener/internal/adapters/pgsql_url_repo.go:27.16,29.3 1 0
github.com/nikitades/url-shortener/internal/adapters/pgsql_url_repo.go:31.2,31.17 1 0
github.com/nikitades/url-shortener/internal/adapters/pgsql_url_repo.go:34.91,40.26 4 0
github.com/nikitades/url-shortener/internal/adapters/pgsql_url_repo.go:40.26,42.3 1 0
github.com/nikitades/url-shortener/internal/adapters/pgsql_url_repo.go:44.2,44.16 1 0
github.com/nikitades/url-shortener/internal/adapters/pgsql_url_repo.go:44.16,46.3 1 0
github.com/nikitades/url-shortener/internal/adapters/pgsql_url_repo.go:48.2,48.17 1 0
github.com/nikitades/url-shortener/internal/adapters/pgsql_url_repo.go:51.124,59.16 4 1
github.com/nikitades/url-shortener/internal/adapters/pgsql_url_repo.go:59.16,61.3 1 0
github.com/nikitades/url-shortener/internal/adapters/pgsql_url_repo.go:63.2,69.38 2 1
github.com/nikitades/url-shortener/internal/adapters/pgsql_url_repo.go:69.38,70.46 1 0
github.com/nikitades/url-shortener/internal/adapters/pgsql_url_repo.go:70.46,72.4 1 0
github.com/nikitades/url-shortener/internal/adapters/pgsql_url_repo.go:73.3,73.29 1 0
github.com/nikitades/url-shortener/internal/adapters/pgsql_url_repo.go:76.2,76.16 1 1
github.com/nikitades/url-shortener/internal/adapters/pgsql_url_repo.go:76.16,78.3 1 0
github.com/nikitades/url-shortener/internal/adapters/pgsql_url_repo.go:80.2,85.17 5 1
github.com/nikitades/url-shortener/internal/adapters/pgsql_url_repo.go:98.53,100.2 1 1
github.com/nikitades/url-shortener/internal/adapters/pgsql_url_repo.go:102.57,104.2 1 0
github.com/nikitades/url-shortener/internal/adapters/pgsql_visit_repo.go:15.160,23.16 4 0
github.com/nikitades/url-shortener/internal/adapters/pgsql_visit_repo.go:23.16,25.3 1 0
github.com/nikitades/url-shortener/internal/adapters/pgsql_visit_repo.go:27.2,35.16 2 0
github.com/nikitades/url-shortener/internal/adapters/pgsql_visit_repo.go:35.16,37.3 1 0
github.com/nikitades/url-shortener/internal/adapters/pgsql_visit_repo.go:39.2,46.19 7 0
github.com/nikitades/url-shortener/internal/adapters/pgsql_visit_repo.go:49.101,53.16 3 0
github.com/nikitades/url-shortener/internal/adapters/pgsql_visit_repo.go:53.16,55.3 1 0
github.com/nikitades/url-shortener/internal/adapters/pgsql_visit_repo.go:57.2,57.20 1 0
github.com/nikitades/url-shortener/internal/adapters/postgres.go:12.56,15.16 2 0
github.com/nikitades/url-shortener/internal/adapters/postgres.go:15.16,17.3 1 0
github.com/nikitades/url-shortener/internal/adapters/postgres.go:19.2,21.16 2 0
github.com/nikitades/url-shortener/internal/adapters/postgres.go:21.16,23.3 1 0
github.com/nikitades/url-shortener/internal/adapters/postgres.go:25.2,25.18 1 0
github.com/nikitades/url-shortener/internal/adapters/postgres.go:28.39,30.16 2 0
github.com/nikitades/url-shortener/internal/adapters/postgres.go:30.16,32.3 1 0
github.com/nikitades/url-shortener/internal/adapters/postgres.go:33.2,34.16 2 0
github.com/nikitades/url-shortener/internal/adapters/postgres.go:34.16,36.3 1 0
github.com/nikitades/url-shortener/internal/adapters/postgres.go:38.2,43.16 2 0
github.com/nikitades/url-shortener/internal/adapters/postgres.go:43.16,45.3 1 0
github.com/nikitades/url-shortener/internal/adapters/postgres.go:47.2,49.12 2 0
github.com/nikitades/url-shortener/internal/adapters/rand_bytes_urlgen.go:9.56,11.19 2 0
github.com/nikitades/url-shortener/internal/adapters/rand_bytes_urlgen.go:11.19,13.3 1 0
github.com/nikitades/url-shortener/internal/adapters/rand_bytes_urlgen.go:14.2,14.18 1 0
github.com/nikitades/url-shortener/internal/adapters/rand_bytes_urlgen.go:17.56,19.2 1 0
github.com/nikitades/url-shortener/internal/usecases/create_url.go:12.114,14.65 1 1
github.com/nikitades/url-shortener/internal/usecases/create_url.go:14.65,16.48 2 1
github.com/nikitades/url-shortener/internal/usecases/create_url.go:16.48,18.4 1 0
github.com/nikitades/url-shortener/internal/usecases/create_url.go:20.3,20.17 1 1
github.com/nikitades/url-shortener/internal/usecases/create_url.go:20.17,22.4 1 0
github.com/nikitades/url-shortener/internal/usecases/create_url.go:24.3,24.7 1 1
github.com/nikitades/url-shortener/internal/usecases/create_url.go:24.7,27.40 2 1
github.com/nikitades/url-shortener/internal/usecases/create_url.go:27.40,28.13 1 0
github.com/nikitades/url-shortener/internal/usecases/create_url.go:31.4,31.18 1 1
github.com/nikitades/url-shortener/internal/usecases/create_url.go:31.18,33.5 1 0
github.com/nikitades/url-shortener/internal/usecases/create_url.go:34.4,34.19 1 1
github.com/nikitades/url-shortener/internal/usecases/get_redirect.go:15.22,17.82 1 0
github.com/nikitades/url-shortener/internal/usecases/get_redirect.go:17.82,20.34 2 0
github.com/nikitades/url-shortener/internal/usecases/get_redirect.go:20.34,22.4 1 0
github.com/nikitades/url-shortener/internal/usecases/get_redirect.go:24.3,24.17 1 0
github.com/nikitades/url-shortener/internal/usecases/get_redirect.go:24.17,26.4 1 0
github.com/nikitades/url-shortener/internal/usecases/get_redirect.go:28.3,30.17 2 0
github.com/nikitades/url-shortener/internal/usecases/get_redirect.go:30.17,32.4 1 0
github.com/nikitades/url-shortener/internal/usecases/get_redirect.go:34.3,34.28 1 0
github.com/nikitades/url-shortener/internal/usecases/get_visits_by_url_code.go:11.95,12.75 1 0
github.com/nikitades/url-shortener/internal/usecases/get_visits_by_url_code.go:12.75,15.17 2 0
github.com/nikitades/url-shortener/internal/usecases/get_visits_by_url_code.go:15.17,17.4 1 0
github.com/nikitades/url-shortener/internal/usecases/get_visits_by_url_code.go:19.3,19.21 1 0
github.com/nikitades/url-shortener/internal/usecases/healthcheck.go:12.60,13.22 1 0
github.com/nikitades/url-shortener/internal/usecases/healthcheck.go:13.22,15.35 2 0
github.com/nikitades/url-shortener/internal/usecases/healthcheck.go:15.35,17.4 1 0
github.com/nikitades/url-shortener/internal/usecases/healthcheck.go:18.3,18.13 1 0
github.com/nikitades/url-shortener/internal/usecases/usecases.go:21.22,28.2 1 0
github.com/nikitades/url-shortener/internal/usecases/mocks/TimeProvider.go:17.41,20.19 2 1
github.com/nikitades/url-shortener/internal/usecases/mocks/TimeProvider.go:20.19,21.45 1 0
github.com/nikitades/url-shortener/internal/usecases/mocks/TimeProvider.go:24.2,25.49 2 1
github.com/nikitades/url-shortener/internal/usecases/mocks/TimeProvider.go:25.49,27.3 1 0
github.com/nikitades/url-shortener/internal/usecases/mocks/TimeProvider.go:27.8,29.3 1 1
github.com/nikitades/url-shortener/internal/usecases/mocks/TimeProvider.go:31.2,31.11 1 1
github.com/nikitades/url-shortener/internal/usecases/mocks/TimeProvider.go:39.18,43.19 3 1
github.com/nikitades/url-shortener/internal/usecases/mocks/TimeProvider.go:43.19,43.49 1 1
github.com/nikitades/url-shortener/internal/usecases/mocks/TimeProvider.go:45.2,45.13 1 1
github.com/nikitades/url-shortener/internal/usecases/mocks/UrlGenerator.go:13.48,16.19 2 1
github.com/nikitades/url-shortener/internal/usecases/mocks/UrlGenerator.go:16.19,17.50 1 0
github.com/nikitades/url-shortener/internal/usecases/mocks/UrlGenerator.go:20.2,21.49 2 1
github.com/nikitades/url-shortener/internal/usecases/mocks/UrlGenerator.go:21.49,23.3 1 0
github.com/nikitades/url-shortener/internal/usecases/mocks/UrlGenerator.go:23.8,25.3 1 1
github.com/nikitades/url-shortener/internal/usecases/mocks/UrlGenerator.go:27.2,27.11 1 1
github.com/nikitades/url-shortener/internal/usecases/mocks/UrlGenerator.go:35.18,39.19 3 1
github.com/nikitades/url-shortener/internal/usecases/mocks/UrlGenerator.go:39.19,39.49 1 1
github.com/nikitades/url-shortener/internal/usecases/mocks/UrlGenerator.go:41.2,41.13 1 1
